<?xml version="1.0" encoding="UTF-8"?>
<testsuite xmlns:xsi="http://www.w3.org/2001/XMLSchema-instance" xsi:noNamespaceSchemaLocation="https://maven.apache.org/surefire/maven-surefire-plugin/xsd/surefire-test-report-3.0.xsd" version="3.0" name="org.onap.dmaap.kafka.OnapKafkaClientTest" time="53.947" tests="4" errors="0" skipped="0" failures="0">
  <properties>
    <property name="sun.desktop" value="gnome"/>
    <property name="awt.toolkit" value="sun.awt.X11.XToolkit"/>
    <property name="jdk.tls.rejectClientInitiatedRenegotiation" value="true"/>
    <property name="java.specification.version" value="11"/>
    <property name="sun.cpu.isalist" value=""/>
    <property name="sun.jnu.encoding" value="UTF-8"/>
    <property name="java.class.path" value="/home/zmcwdav/DevelopmentRepos/kafka11aaf/kafkaClient/target/test-classes:/home/zmcwdav/DevelopmentRepos/kafka11aaf/kafkaClient/target/classes:/home/zmcwdav/.m2/repository/org/apache/kafka/kafka_2.13/3.3.1/kafka_2.13-3.3.1.jar:/home/zmcwdav/.m2/repository/org/scala-lang/scala-library/2.13.8/scala-library-2.13.8.jar:/home/zmcwdav/.m2/repository/org/apache/kafka/kafka-server-common/3.3.1/kafka-server-common-3.3.1.jar:/home/zmcwdav/.m2/repository/org/apache/kafka/kafka-metadata/3.3.1/kafka-metadata-3.3.1.jar:/home/zmcwdav/.m2/repository/org/apache/kafka/kafka-raft/3.3.1/kafka-raft-3.3.1.jar:/home/zmcwdav/.m2/repository/org/apache/kafka/kafka-storage/3.3.1/kafka-storage-3.3.1.jar:/home/zmcwdav/.m2/repository/org/apache/kafka/kafka-storage-api/3.3.1/kafka-storage-api-3.3.1.jar:/home/zmcwdav/.m2/repository/net/sourceforge/argparse4j/argparse4j/0.7.0/argparse4j-0.7.0.jar:/home/zmcwdav/.m2/repository/com/fasterxml/jackson/core/jackson-databind/2.12.3/jackson-databind-2.12.3.jar:/home/zmcwdav/.m2/repository/com/fasterxml/jackson/core/jackson-annotations/2.12.3/jackson-annotations-2.12.3.jar:/home/zmcwdav/.m2/repository/com/fasterxml/jackson/core/jackson-core/2.12.3/jackson-core-2.12.3.jar:/home/zmcwdav/.m2/repository/com/fasterxml/jackson/module/jackson-module-scala_2.13/2.13.3/jackson-module-scala_2.13-2.13.3.jar:/home/zmcwdav/.m2/repository/com/thoughtworks/paranamer/paranamer/2.8/paranamer-2.8.jar:/home/zmcwdav/.m2/repository/com/fasterxml/jackson/dataformat/jackson-dataformat-csv/2.13.3/jackson-dataformat-csv-2.13.3.jar:/home/zmcwdav/.m2/repository/com/fasterxml/jackson/datatype/jackson-datatype-jdk8/2.13.3/jackson-datatype-jdk8-2.13.3.jar:/home/zmcwdav/.m2/repository/net/sf/jopt-simple/jopt-simple/5.0.4/jopt-simple-5.0.4.jar:/home/zmcwdav/.m2/repository/org/bitbucket/b_c/jose4j/0.7.9/jose4j-0.7.9.jar:/home/zmcwdav/.m2/repository/com/yammer/metrics/metrics-core/2.2.0/metrics-core-2.2.0.jar:/home/zmcwdav/.m2/repository/org/scala-lang/modules/scala-collection-compat_2.13/2.6.0/scala-collection-compat_2.13-2.6.0.jar:/home/zmcwdav/.m2/repository/org/scala-lang/modules/scala-java8-compat_2.13/1.0.2/scala-java8-compat_2.13-1.0.2.jar:/home/zmcwdav/.m2/repository/org/scala-lang/scala-reflect/2.13.8/scala-reflect-2.13.8.jar:/home/zmcwdav/.m2/repository/com/typesafe/scala-logging/scala-logging_2.13/3.9.4/scala-logging_2.13-3.9.4.jar:/home/zmcwdav/.m2/repository/io/dropwizard/metrics/metrics-core/4.1.12.1/metrics-core-4.1.12.1.jar:/home/zmcwdav/.m2/repository/org/apache/zookeeper/zookeeper/3.6.3/zookeeper-3.6.3.jar:/home/zmcwdav/.m2/repository/org/apache/zookeeper/zookeeper-jute/3.6.3/zookeeper-jute-3.6.3.jar:/home/zmcwdav/.m2/repository/org/apache/yetus/audience-annotations/0.5.0/audience-annotations-0.5.0.jar:/home/zmcwdav/.m2/repository/io/netty/netty-handler/4.1.63.Final/netty-handler-4.1.63.Final.jar:/home/zmcwdav/.m2/repository/io/netty/netty-common/4.1.63.Final/netty-common-4.1.63.Final.jar:/home/zmcwdav/.m2/repository/io/netty/netty-resolver/4.1.63.Final/netty-resolver-4.1.63.Final.jar:/home/zmcwdav/.m2/repository/io/netty/netty-buffer/4.1.63.Final/netty-buffer-4.1.63.Final.jar:/home/zmcwdav/.m2/repository/io/netty/netty-transport/4.1.63.Final/netty-transport-4.1.63.Final.jar:/home/zmcwdav/.m2/repository/io/netty/netty-codec/4.1.63.Final/netty-codec-4.1.63.Final.jar:/home/zmcwdav/.m2/repository/io/netty/netty-transport-native-epoll/4.1.63.Final/netty-transport-native-epoll-4.1.63.Final.jar:/home/zmcwdav/.m2/repository/io/netty/netty-transport-native-unix-common/4.1.63.Final/netty-transport-native-unix-common-4.1.63.Final.jar:/home/zmcwdav/.m2/repository/commons-cli/commons-cli/1.4/commons-cli-1.4.jar:/home/zmcwdav/.m2/repository/org/apache/kafka/kafka-clients/3.3.1/kafka-clients-3.3.1.jar:/home/zmcwdav/.m2/repository/com/github/luben/zstd-jni/1.5.2-1/zstd-jni-1.5.2-1.jar:/home/zmcwdav/.m2/repository/org/lz4/lz4-java/1.8.0/lz4-java-1.8.0.jar:/home/zmcwdav/.m2/repository/org/xerial/snappy/snappy-java/1.1.8.4/snappy-java-1.1.8.4.jar:/home/zmcwdav/.m2/repository/org/projectlombok/lombok/1.18.24/lombok-1.18.24.jar:/home/zmcwdav/.m2/repository/ch/qos/logback/logback-classic/1.4.5/logback-classic-1.4.5.jar:/home/zmcwdav/.m2/repository/ch/qos/logback/logback-core/1.4.5/logback-core-1.4.5.jar:/home/zmcwdav/.m2/repository/org/slf4j/slf4j-api/2.0.4/slf4j-api-2.0.4.jar:/home/zmcwdav/.m2/repository/com/salesforce/kafka/test/kafka-junit5/3.2.4/kafka-junit5-3.2.4.jar:/home/zmcwdav/.m2/repository/com/salesforce/kafka/test/kafka-junit-core/3.2.4/kafka-junit-core-3.2.4.jar:/home/zmcwdav/.m2/repository/org/junit/jupiter/junit-jupiter-engine/5.8.2/junit-jupiter-engine-5.8.2.jar:/home/zmcwdav/.m2/repository/org/junit/platform/junit-platform-engine/1.8.2/junit-platform-engine-1.8.2.jar:/home/zmcwdav/.m2/repository/org/apiguardian/apiguardian-api/1.1.2/apiguardian-api-1.1.2.jar:/home/zmcwdav/.m2/repository/org/apache/curator/curator-test/2.12.0/curator-test-2.12.0.jar:/home/zmcwdav/.m2/repository/org/javassist/javassist/3.18.1-GA/javassist-3.18.1-GA.jar:/home/zmcwdav/.m2/repository/com/google/guava/guava/30.1.1-jre/guava-30.1.1-jre.jar:/home/zmcwdav/.m2/repository/com/google/guava/failureaccess/1.0.1/failureaccess-1.0.1.jar:/home/zmcwdav/.m2/repository/com/google/guava/listenablefuture/9999.0-empty-to-avoid-conflict-with-guava/listenablefuture-9999.0-empty-to-avoid-conflict-with-guava.jar:/home/zmcwdav/.m2/repository/com/google/code/findbugs/jsr305/3.0.2/jsr305-3.0.2.jar:/home/zmcwdav/.m2/repository/org/checkerframework/checker-qual/3.8.0/checker-qual-3.8.0.jar:/home/zmcwdav/.m2/repository/com/google/errorprone/error_prone_annotations/2.5.1/error_prone_annotations-2.5.1.jar:/home/zmcwdav/.m2/repository/com/google/j2objc/j2objc-annotations/1.3/j2objc-annotations-1.3.jar:/home/zmcwdav/.m2/repository/org/junit-pioneer/junit-pioneer/1.9.1/junit-pioneer-1.9.1.jar:/home/zmcwdav/.m2/repository/org/junit/jupiter/junit-jupiter-api/5.9.0/junit-jupiter-api-5.9.0.jar:/home/zmcwdav/.m2/repository/org/opentest4j/opentest4j/1.2.0/opentest4j-1.2.0.jar:/home/zmcwdav/.m2/repository/org/junit/platform/junit-platform-commons/1.9.0/junit-platform-commons-1.9.0.jar:/home/zmcwdav/.m2/repository/org/junit/jupiter/junit-jupiter-params/5.9.0/junit-jupiter-params-5.9.0.jar:/home/zmcwdav/.m2/repository/org/junit/platform/junit-platform-launcher/1.9.0/junit-platform-launcher-1.9.0.jar:/home/zmcwdav/.m2/repository/io/github/netmikey/logunit/logunit-core/1.1.3/logunit-core-1.1.3.jar:/home/zmcwdav/.m2/repository/io/github/netmikey/logunit/logunit-logback/1.1.3/logunit-logback-1.1.3.jar:"/>
    <property name="java.vm.vendor" value="Ubuntu"/>
    <property name="sun.arch.data.model" value="64"/>
    <property name="java.vendor.url" value="https://ubuntu.com/"/>
    <property name="user.timezone" value="Europe/London"/>
    <property name="java.vm.specification.version" value="11"/>
    <property name="os.name" value="Linux"/>
    <property name="sun.java.launcher" value="SUN_STANDARD"/>
    <property name="user.country" value="GB"/>
    <property name="sun.boot.library.path" value="/usr/lib/jvm/java-11-openjdk-amd64/lib"/>
    <property name="sun.java.command" value="/home/zmcwdav/DevelopmentRepos/kafka11aaf/kafkaClient/target/surefire/surefirebooter10922781163962894592.jar /home/zmcwdav/DevelopmentRepos/kafka11aaf/kafkaClient/target/surefire 2023-03-07T09-46-33_686-jvmRun1 surefire14590706016659476838tmp surefire_07886892618707075665tmp"/>
    <property name="jdk.debug" value="release"/>
    <property name="surefire.test.class.path" value="/home/zmcwdav/DevelopmentRepos/kafka11aaf/kafkaClient/target/test-classes:/home/zmcwdav/DevelopmentRepos/kafka11aaf/kafkaClient/target/classes:/home/zmcwdav/.m2/repository/org/apache/kafka/kafka_2.13/3.3.1/kafka_2.13-3.3.1.jar:/home/zmcwdav/.m2/repository/org/scala-lang/scala-library/2.13.8/scala-library-2.13.8.jar:/home/zmcwdav/.m2/repository/org/apache/kafka/kafka-server-common/3.3.1/kafka-server-common-3.3.1.jar:/home/zmcwdav/.m2/repository/org/apache/kafka/kafka-metadata/3.3.1/kafka-metadata-3.3.1.jar:/home/zmcwdav/.m2/repository/org/apache/kafka/kafka-raft/3.3.1/kafka-raft-3.3.1.jar:/home/zmcwdav/.m2/repository/org/apache/kafka/kafka-storage/3.3.1/kafka-storage-3.3.1.jar:/home/zmcwdav/.m2/repository/org/apache/kafka/kafka-storage-api/3.3.1/kafka-storage-api-3.3.1.jar:/home/zmcwdav/.m2/repository/net/sourceforge/argparse4j/argparse4j/0.7.0/argparse4j-0.7.0.jar:/home/zmcwdav/.m2/repository/com/fasterxml/jackson/core/jackson-databind/2.12.3/jackson-databind-2.12.3.jar:/home/zmcwdav/.m2/repository/com/fasterxml/jackson/core/jackson-annotations/2.12.3/jackson-annotations-2.12.3.jar:/home/zmcwdav/.m2/repository/com/fasterxml/jackson/core/jackson-core/2.12.3/jackson-core-2.12.3.jar:/home/zmcwdav/.m2/repository/com/fasterxml/jackson/module/jackson-module-scala_2.13/2.13.3/jackson-module-scala_2.13-2.13.3.jar:/home/zmcwdav/.m2/repository/com/thoughtworks/paranamer/paranamer/2.8/paranamer-2.8.jar:/home/zmcwdav/.m2/repository/com/fasterxml/jackson/dataformat/jackson-dataformat-csv/2.13.3/jackson-dataformat-csv-2.13.3.jar:/home/zmcwdav/.m2/repository/com/fasterxml/jackson/datatype/jackson-datatype-jdk8/2.13.3/jackson-datatype-jdk8-2.13.3.jar:/home/zmcwdav/.m2/repository/net/sf/jopt-simple/jopt-simple/5.0.4/jopt-simple-5.0.4.jar:/home/zmcwdav/.m2/repository/org/bitbucket/b_c/jose4j/0.7.9/jose4j-0.7.9.jar:/home/zmcwdav/.m2/repository/com/yammer/metrics/metrics-core/2.2.0/metrics-core-2.2.0.jar:/home/zmcwdav/.m2/repository/org/scala-lang/modules/scala-collection-compat_2.13/2.6.0/scala-collection-compat_2.13-2.6.0.jar:/home/zmcwdav/.m2/repository/org/scala-lang/modules/scala-java8-compat_2.13/1.0.2/scala-java8-compat_2.13-1.0.2.jar:/home/zmcwdav/.m2/repository/org/scala-lang/scala-reflect/2.13.8/scala-reflect-2.13.8.jar:/home/zmcwdav/.m2/repository/com/typesafe/scala-logging/scala-logging_2.13/3.9.4/scala-logging_2.13-3.9.4.jar:/home/zmcwdav/.m2/repository/io/dropwizard/metrics/metrics-core/4.1.12.1/metrics-core-4.1.12.1.jar:/home/zmcwdav/.m2/repository/org/apache/zookeeper/zookeeper/3.6.3/zookeeper-3.6.3.jar:/home/zmcwdav/.m2/repository/org/apache/zookeeper/zookeeper-jute/3.6.3/zookeeper-jute-3.6.3.jar:/home/zmcwdav/.m2/repository/org/apache/yetus/audience-annotations/0.5.0/audience-annotations-0.5.0.jar:/home/zmcwdav/.m2/repository/io/netty/netty-handler/4.1.63.Final/netty-handler-4.1.63.Final.jar:/home/zmcwdav/.m2/repository/io/netty/netty-common/4.1.63.Final/netty-common-4.1.63.Final.jar:/home/zmcwdav/.m2/repository/io/netty/netty-resolver/4.1.63.Final/netty-resolver-4.1.63.Final.jar:/home/zmcwdav/.m2/repository/io/netty/netty-buffer/4.1.63.Final/netty-buffer-4.1.63.Final.jar:/home/zmcwdav/.m2/repository/io/netty/netty-transport/4.1.63.Final/netty-transport-4.1.63.Final.jar:/home/zmcwdav/.m2/repository/io/netty/netty-codec/4.1.63.Final/netty-codec-4.1.63.Final.jar:/home/zmcwdav/.m2/repository/io/netty/netty-transport-native-epoll/4.1.63.Final/netty-transport-native-epoll-4.1.63.Final.jar:/home/zmcwdav/.m2/repository/io/netty/netty-transport-native-unix-common/4.1.63.Final/netty-transport-native-unix-common-4.1.63.Final.jar:/home/zmcwdav/.m2/repository/commons-cli/commons-cli/1.4/commons-cli-1.4.jar:/home/zmcwdav/.m2/repository/org/apache/kafka/kafka-clients/3.3.1/kafka-clients-3.3.1.jar:/home/zmcwdav/.m2/repository/com/github/luben/zstd-jni/1.5.2-1/zstd-jni-1.5.2-1.jar:/home/zmcwdav/.m2/repository/org/lz4/lz4-java/1.8.0/lz4-java-1.8.0.jar:/home/zmcwdav/.m2/repository/org/xerial/snappy/snappy-java/1.1.8.4/snappy-java-1.1.8.4.jar:/home/zmcwdav/.m2/repository/org/projectlombok/lombok/1.18.24/lombok-1.18.24.jar:/home/zmcwdav/.m2/repository/ch/qos/logback/logback-classic/1.4.5/logback-classic-1.4.5.jar:/home/zmcwdav/.m2/repository/ch/qos/logback/logback-core/1.4.5/logback-core-1.4.5.jar:/home/zmcwdav/.m2/repository/org/slf4j/slf4j-api/2.0.4/slf4j-api-2.0.4.jar:/home/zmcwdav/.m2/repository/com/salesforce/kafka/test/kafka-junit5/3.2.4/kafka-junit5-3.2.4.jar:/home/zmcwdav/.m2/repository/com/salesforce/kafka/test/kafka-junit-core/3.2.4/kafka-junit-core-3.2.4.jar:/home/zmcwdav/.m2/repository/org/junit/jupiter/junit-jupiter-engine/5.8.2/junit-jupiter-engine-5.8.2.jar:/home/zmcwdav/.m2/repository/org/junit/platform/junit-platform-engine/1.8.2/junit-platform-engine-1.8.2.jar:/home/zmcwdav/.m2/repository/org/apiguardian/apiguardian-api/1.1.2/apiguardian-api-1.1.2.jar:/home/zmcwdav/.m2/repository/org/apache/curator/curator-test/2.12.0/curator-test-2.12.0.jar:/home/zmcwdav/.m2/repository/org/javassist/javassist/3.18.1-GA/javassist-3.18.1-GA.jar:/home/zmcwdav/.m2/repository/com/google/guava/guava/30.1.1-jre/guava-30.1.1-jre.jar:/home/zmcwdav/.m2/repository/com/google/guava/failureaccess/1.0.1/failureaccess-1.0.1.jar:/home/zmcwdav/.m2/repository/com/google/guava/listenablefuture/9999.0-empty-to-avoid-conflict-with-guava/listenablefuture-9999.0-empty-to-avoid-conflict-with-guava.jar:/home/zmcwdav/.m2/repository/com/google/code/findbugs/jsr305/3.0.2/jsr305-3.0.2.jar:/home/zmcwdav/.m2/repository/org/checkerframework/checker-qual/3.8.0/checker-qual-3.8.0.jar:/home/zmcwdav/.m2/repository/com/google/errorprone/error_prone_annotations/2.5.1/error_prone_annotations-2.5.1.jar:/home/zmcwdav/.m2/repository/com/google/j2objc/j2objc-annotations/1.3/j2objc-annotations-1.3.jar:/home/zmcwdav/.m2/repository/org/junit-pioneer/junit-pioneer/1.9.1/junit-pioneer-1.9.1.jar:/home/zmcwdav/.m2/repository/org/junit/jupiter/junit-jupiter-api/5.9.0/junit-jupiter-api-5.9.0.jar:/home/zmcwdav/.m2/repository/org/opentest4j/opentest4j/1.2.0/opentest4j-1.2.0.jar:/home/zmcwdav/.m2/repository/org/junit/platform/junit-platform-commons/1.9.0/junit-platform-commons-1.9.0.jar:/home/zmcwdav/.m2/repository/org/junit/jupiter/junit-jupiter-params/5.9.0/junit-jupiter-params-5.9.0.jar:/home/zmcwdav/.m2/repository/org/junit/platform/junit-platform-launcher/1.9.0/junit-platform-launcher-1.9.0.jar:/home/zmcwdav/.m2/repository/io/github/netmikey/logunit/logunit-core/1.1.3/logunit-core-1.1.3.jar:/home/zmcwdav/.m2/repository/io/github/netmikey/logunit/logunit-logback/1.1.3/logunit-logback-1.1.3.jar:"/>
    <property name="sun.cpu.endian" value="little"/>
    <property name="user.home" value="/home/zmcwdav"/>
    <property name="user.language" value="en"/>
    <property name="java.specification.vendor" value="Oracle Corporation"/>
    <property name="java.version.date" value="2023-01-17"/>
    <property name="java.home" value="/usr/lib/jvm/java-11-openjdk-amd64"/>
    <property name="file.separator" value="/"/>
    <property name="basedir" value="/home/zmcwdav/DevelopmentRepos/kafka11aaf/kafkaClient"/>
    <property name="java.vm.compressedOopsMode" value="Zero based"/>
    <property name="line.separator" value="&#10;"/>
    <property name="java.specification.name" value="Java Platform API Specification"/>
    <property name="java.vm.specification.vendor" value="Oracle Corporation"/>
    <property name="java.awt.graphicsenv" value="sun.awt.X11GraphicsEnvironment"/>
    <property name="surefire.real.class.path" value="/home/zmcwdav/DevelopmentRepos/kafka11aaf/kafkaClient/target/surefire/surefirebooter10922781163962894592.jar"/>
    <property name="sun.management.compiler" value="HotSpot 64-Bit Tiered Compilers"/>
    <property name="java.runtime.version" value="11.0.18+10-post-Ubuntu-0ubuntu120.04.1"/>
    <property name="user.name" value="zmcwdav"/>
    <property name="path.separator" value=":"/>
    <property name="os.version" value="5.4.0-144-generic"/>
    <property name="zookeeper.admin.enableServer" value="false"/>
    <property name="java.runtime.name" value="OpenJDK Runtime Environment"/>
    <property name="file.encoding" value="UTF-8"/>
    <property name="java.vm.name" value="OpenJDK 64-Bit Server VM"/>
    <property name="localRepository" value="/home/zmcwdav/.m2/repository"/>
    <property name="java.security.auth.login.config" value="src/test/resources/jaas.conf"/>
    <property name="java.vendor.url.bug" value="https://bugs.launchpad.net/ubuntu/+source/openjdk-lts"/>
    <property name="java.io.tmpdir" value="/tmp"/>
    <property name="java.version" value="11.0.18"/>
    <property name="user.dir" value="/home/zmcwdav/DevelopmentRepos/kafka11aaf/kafkaClient"/>
    <property name="os.arch" value="amd64"/>
    <property name="java.vm.specification.name" value="Java Virtual Machine Specification"/>
    <property name="java.awt.printerjob" value="sun.print.PSPrinterJob"/>
    <property name="sun.os.patch.level" value="unknown"/>
    <property name="java.library.path" value="/usr/java/packages/lib:/usr/lib/x86_64-linux-gnu/jni:/lib/x86_64-linux-gnu:/usr/lib/x86_64-linux-gnu:/usr/lib/jni:/lib:/usr/lib"/>
    <property name="java.vm.info" value="mixed mode, sharing"/>
    <property name="java.vendor" value="Ubuntu"/>
    <property name="java.vm.version" value="11.0.18+10-post-Ubuntu-0ubuntu120.04.1"/>
    <property name="sun.io.unicode.encoding" value="UnicodeLittle"/>
    <property name="java.class.version" value="55.0"/>
  </properties>
  <testcase name="whenProducingCorrectRecordsArePresent" classname="org.onap.dmaap.kafka.OnapKafkaClientTest" time="30.665"/>
  <testcase name="whenSubscribingToInvalidTopicExceptionIsLogged" classname="org.onap.dmaap.kafka.OnapKafkaClientTest" time="0.024"/>
  <testcase name="whenConsumingFromInvalidTopicEmptyListIsReturned" classname="org.onap.dmaap.kafka.OnapKafkaClientTest" time="0.013"/>
  <testcase name="whenPublishingToInvalidTopicExceptionIsLogged" classname="org.onap.dmaap.kafka.OnapKafkaClientTest" time="10.01"/>
</testsuite>